# JRE version: OpenJDK Runtime Environment Temurin-17.0.1+12 (17.0.1+12) (build 17.0.1+12)
# Java VM: OpenJDK 64-Bit Server VM Temurin-17.0.1+12 (17.0.1+12, mixed mode, emulated-client, tiered, compressed oops, compressed class ptrs, g1 gc, windows-amd64)
GC Precious Log:
 CPUs: 8 total, 8 available
 Memory: 10116M
 Large Page Support: Disabled
 NUMA Support: Disabled
 Compressed Oops: Enabled (Zero based)
 Heap Region Size: 2M
 Heap Min Capacity: 8M
 Heap Initial Capacity: 160M
 Heap Max Capacity: 2530M
 Pre-touch: Disabled
 Parallel Workers: 8
 Concurrent Workers: 2
 Concurrent Refinement Workers: 8
 Periodic GC: Disabled
Heap:
 garbage-first heap   total 81920K, used 26276K [0x0000000761e00000, 0x0000000800000000)
  region size 2048K, 2 young (4096K), 2 survivors (4096K)
 Metaspace       used 66035K, committed 66688K, reserved 1114112K
  class space    used 9010K, committed 9280K, reserved 1048576K
GC Heap History (20 events):
Event: 647.896 GC heap after
{Heap after GC invocations=34 (full 5):
 garbage-first heap   total 81920K, used 23847K [0x0000000761e00000, 0x0000000800000000)
  region size 2048K, 2 young (4096K), 2 survivors (4096K)
 Metaspace       used 62853K, committed 63424K, reserved 1105920K
  class space    used 8596K, committed 8832K, reserved 1048576K
}
Event: 648.537 GC heap before
{Heap before GC invocations=34 (full 5):
 garbage-first heap   total 81920K, used 60711K [0x0000000761e00000, 0x0000000800000000)
  region size 2048K, 21 young (43008K), 2 survivors (4096K)
 Metaspace       used 62979K, committed 63488K, reserved 1105920K
  class space    used 8611K, committed 8832K, reserved 1048576K
}
Event: 648.541 GC heap after
{Heap after GC invocations=35 (full 5):
 garbage-first heap   total 81920K, used 25579K [0x0000000761e00000, 0x0000000800000000)
  region size 2048K, 3 young (6144K), 3 survivors (6144K)
 Metaspace       used 62979K, committed 63488K, reserved 1105920K
  class space    used 8611K, committed 8832K, reserved 1048576K
}
Event: 650.460 GC heap before
{Heap before GC invocations=35 (full 5):
 garbage-first heap   total 81920K, used 60395K [0x0000000761e00000, 0x0000000800000000)
  region size 2048K, 21 young (43008K), 3 survivors (6144K)
 Metaspace       used 64803K, committed 65344K, reserved 1105920K
  class space    used 8822K, committed 9024K, reserved 1048576K
}
Event: 650.463 GC heap after
{Heap after GC invocations=36 (full 5):
 garbage-first heap   total 81920K, used 24073K [0x0000000761e00000, 0x0000000800000000)
  region size 2048K, 2 young (4096K), 2 survivors (4096K)
 Metaspace       used 64803K, committed 65344K, reserved 1105920K
  class space    used 8822K, committed 9024K, reserved 1048576K
}
Event: 650.738 GC heap before
{Heap before GC invocations=36 (full 5):
 garbage-first heap   total 81920K, used 58889K [0x0000000761e00000, 0x0000000800000000)
  region size 2048K, 20 young (40960K), 2 survivors (4096K)
 Metaspace       used 64847K, committed 65344K, reserved 1105920K
  class space    used 8827K, committed 9024K, reserved 1048576K
}
Event: 650.741 GC heap after
{Heap after GC invocations=37 (full 5):
 garbage-first heap   total 81920K, used 24660K [0x0000000761e00000, 0x0000000800000000)
  region size 2048K, 2 young (4096K), 2 survivors (4096K)
 Metaspace       used 64847K, committed 65344K, reserved 1105920K
  class space    used 8827K, committed 9024K, reserved 1048576K
}
Event: 650.984 GC heap before
{Heap before GC invocations=37 (full 5):
 garbage-first heap   total 81920K, used 59476K [0x0000000761e00000, 0x0000000800000000)
  region size 2048K, 20 young (40960K), 2 survivors (4096K)
 Metaspace       used 64886K, committed 65408K, reserved 1105920K
  class space    used 8831K, committed 9024K, reserved 1048576K
}
Event: 650.989 GC heap after
{Heap after GC invocations=38 (full 5):
 garbage-first heap   total 81920K, used 25903K [0x0000000761e00000, 0x0000000800000000)
  region size 2048K, 3 young (6144K), 3 survivors (6144K)
 Metaspace       used 64886K, committed 65408K, reserved 1105920K
  class space    used 8831K, committed 9024K, reserved 1048576K
}
Event: 655.457 GC heap before
{Heap before GC invocations=38 (full 5):
 garbage-first heap   total 81920K, used 58671K [0x0000000761e00000, 0x0000000800000000)
  region size 2048K, 20 young (40960K), 3 survivors (6144K)
 Metaspace       used 65038K, committed 65600K, reserved 1105920K
  class space    used 8846K, committed 9088K, reserved 1048576K
}
Event: 655.460 GC heap after
{Heap after GC invocations=39 (full 5):
 garbage-first heap   total 81920K, used 24101K [0x0000000761e00000, 0x0000000800000000)
  region size 2048K, 1 young (2048K), 1 survivors (2048K)
 Metaspace       used 65038K, committed 65600K, reserved 1105920K
  class space    used 8846K, committed 9088K, reserved 1048576K
}
Event: 655.727 GC heap before
{Heap before GC invocations=39 (full 5):
 garbage-first heap   total 81920K, used 60965K [0x0000000761e00000, 0x0000000800000000)
  region size 2048K, 20 young (40960K), 1 survivors (2048K)
 Metaspace       used 65138K, committed 65728K, reserved 1105920K
  class space    used 8860K, committed 9088K, reserved 1048576K
}
Event: 655.729 GC heap after
{Heap after GC invocations=40 (full 5):
 garbage-first heap   total 81920K, used 24875K [0x0000000761e00000, 0x0000000800000000)
  region size 2048K, 2 young (4096K), 2 survivors (4096K)
 Metaspace       used 65138K, committed 65728K, reserved 1105920K
  class space    used 8860K, committed 9088K, reserved 1048576K
}
Event: 656.555 GC heap before
{Heap before GC invocations=40 (full 5):
 garbage-first heap   total 81920K, used 59691K [0x0000000761e00000, 0x0000000800000000)
  region size 2048K, 20 young (40960K), 2 survivors (4096K)
 Metaspace       used 65241K, committed 65792K, reserved 1105920K
  class space    used 8873K, committed 9088K, reserved 1048576K
}
Event: 656.558 GC heap after
{Heap after GC invocations=41 (full 5):
 garbage-first heap   total 81920K, used 26727K [0x0000000761e00000, 0x0000000800000000)
  region size 2048K, 3 young (6144K), 3 survivors (6144K)
 Metaspace       used 65241K, committed 65792K, reserved 1105920K
  class space    used 8873K, committed 9088K, reserved 1048576K
}
Event: 734.118 GC heap before
{Heap before GC invocations=41 (full 5):
 garbage-first heap   total 81920K, used 61543K [0x0000000761e00000, 0x0000000800000000)
  region size 2048K, 20 young (40960K), 3 survivors (6144K)
 Metaspace       used 65913K, committed 66496K, reserved 1114112K
  class space    used 8999K, committed 9216K, reserved 1048576K
}
Event: 734.120 GC heap after
{Heap after GC invocations=42 (full 5):
 garbage-first heap   total 81920K, used 24989K [0x0000000761e00000, 0x0000000800000000)
  region size 2048K, 2 young (4096K), 2 survivors (4096K)
 Metaspace       used 65913K, committed 66496K, reserved 1114112K
  class space    used 8999K, committed 9216K, reserved 1048576K
}
Event: 734.392 GC heap before
{Heap before GC invocations=42 (full 5):
 garbage-first heap   total 81920K, used 59805K [0x0000000761e00000, 0x0000000800000000)
  region size 2048K, 20 young (40960K), 2 survivors (4096K)
 Metaspace       used 65974K, committed 66560K, reserved 1114112K
  class space    used 9005K, committed 9280K, reserved 1048576K
}
Event: 734.395 GC heap after
{Heap after GC invocations=43 (full 5):
 garbage-first heap   total 81920K, used 25266K [0x0000000761e00000, 0x0000000800000000)
  region size 2048K, 2 young (4096K), 2 survivors (4096K)
 Metaspace       used 65974K, committed 66560K, reserved 1114112K
  class space    used 9005K, committed 9280K, reserved 1048576K
}
Event: 735.078 GC heap before
{Heap before GC invocations=43 (full 5):
 garbage-first heap   total 81920K, used 60082K [0x0000000761e00000, 0x0000000800000000)
  region size 2048K, 20 young (40960K), 2 survivors (4096K)
 Metaspace       used 66035K, committed 66688K, reserved 1114112K
  class space    used 9010K, committed 9280K, reserved 1048576K
}

